<?xml version="1.0" encoding="UTF-8"?>
<!-- Generated by org.testng.reporters.JUnitReportReporter -->
<testsuite name="NewMaven.NewMaven.App" tests="1" time="0.029" ignored="0" failures="0" timestamp="09 May 2018 14:15:24 GMT" skipped="0" hostname="hp" errors="0">
  <testcase name="mains" time="0.029" classname="NewMaven.NewMaven.App"/>
</testsuite> <!-- NewMaven.NewMaven.App -->
